-------------------------------------------------------------------------------
Test set: com.is.swgflooring.dao.OrderDaoFileImplTest
-------------------------------------------------------------------------------
Tests run: 7, Failures: 5, Errors: 0, Skipped: 0, Time elapsed: 0.223 sec <<< FAILURE!
com.is.swgflooring.dao.OrderDaoFileImplTest.testReadByName()  Time elapsed: 0.021 sec  <<< FAILURE!
org.opentest4j.AssertionFailedError: expected: <com.is.swgflooring.dto.Order@8bb2394b> but was: <com.is.swgflooring.dto.Order@f10f545c>
	at org.junit.jupiter.api.AssertionUtils.fail(AssertionUtils.java:54)
	at org.junit.jupiter.api.AssertEquals.failNotEqual(AssertEquals.java:195)
	at org.junit.jupiter.api.AssertEquals.assertEquals(AssertEquals.java:184)
	at org.junit.jupiter.api.AssertEquals.assertEquals(AssertEquals.java:179)
	at org.junit.jupiter.api.Assertions.assertEquals(Assertions.java:508)
	at com.is.swgflooring.dao.OrderDaoFileImplTest.testReadByName(OrderDaoFileImplTest.java:135)

com.is.swgflooring.dao.OrderDaoFileImplTest.testReadById()  Time elapsed: 0 sec  <<< FAILURE!
org.opentest4j.AssertionFailedError: expected: <com.is.swgflooring.dto.Order@5c958731> but was: <com.is.swgflooring.dto.Order@c5cf622e>
	at org.junit.jupiter.api.AssertionUtils.fail(AssertionUtils.java:54)
	at org.junit.jupiter.api.AssertEquals.failNotEqual(AssertEquals.java:195)
	at org.junit.jupiter.api.AssertEquals.assertEquals(AssertEquals.java:184)
	at org.junit.jupiter.api.AssertEquals.assertEquals(AssertEquals.java:179)
	at org.junit.jupiter.api.Assertions.assertEquals(Assertions.java:508)
	at com.is.swgflooring.dao.OrderDaoFileImplTest.testReadById(OrderDaoFileImplTest.java:159)

com.is.swgflooring.dao.OrderDaoFileImplTest.testReadAll()  Time elapsed: 0.002 sec  <<< FAILURE!
org.opentest4j.AssertionFailedError: expected: <2> but was: <6>
	at org.junit.jupiter.api.AssertionUtils.fail(AssertionUtils.java:54)
	at org.junit.jupiter.api.AssertEquals.failNotEqual(AssertEquals.java:195)
	at org.junit.jupiter.api.AssertEquals.assertEquals(AssertEquals.java:152)
	at org.junit.jupiter.api.AssertEquals.assertEquals(AssertEquals.java:147)
	at org.junit.jupiter.api.Assertions.assertEquals(Assertions.java:327)
	at com.is.swgflooring.dao.OrderDaoFileImplTest.testReadAll(OrderDaoFileImplTest.java:113)

com.is.swgflooring.dao.OrderDaoFileImplTest.testDelete()  Time elapsed: 0.014 sec  <<< FAILURE!
org.opentest4j.AssertionFailedError: expected: <0> but was: <6>
	at org.junit.jupiter.api.AssertionUtils.fail(AssertionUtils.java:54)
	at org.junit.jupiter.api.AssertEquals.failNotEqual(AssertEquals.java:195)
	at org.junit.jupiter.api.AssertEquals.assertEquals(AssertEquals.java:184)
	at org.junit.jupiter.api.AssertEquals.assertEquals(AssertEquals.java:179)
	at org.junit.jupiter.api.Assertions.assertEquals(Assertions.java:508)
	at com.is.swgflooring.dao.OrderDaoFileImplTest.testDelete(OrderDaoFileImplTest.java:208)

com.is.swgflooring.dao.OrderDaoFileImplTest.testSave()  Time elapsed: 0.103 sec  <<< FAILURE!
org.opentest4j.AssertionFailedError: expected: <com.is.swgflooring.dto.Order@9932a2b0> but was: <com.is.swgflooring.dto.Order@8bb2394b>
	at org.junit.jupiter.api.AssertionUtils.fail(AssertionUtils.java:54)
	at org.junit.jupiter.api.AssertEquals.failNotEqual(AssertEquals.java:195)
	at org.junit.jupiter.api.AssertEquals.assertEquals(AssertEquals.java:184)
	at org.junit.jupiter.api.AssertEquals.assertEquals(AssertEquals.java:179)
	at org.junit.jupiter.api.Assertions.assertEquals(Assertions.java:508)
	at com.is.swgflooring.dao.OrderDaoFileImplTest.testSave(OrderDaoFileImplTest.java:228)

