<?xml version="1.0" encoding="UTF-8" ?>
<testsuite tests="7" failures="5" name="com.is.swgflooring.dao.OrderDaoFileImplTest" time="0.222" errors="0" skipped="0">
  <properties>
    <property name="java.runtime.name" value="OpenJDK Runtime Environment"/>
    <property name="java.vm.version" value="11.0.4+11"/>
    <property name="sun.boot.library.path" value="C:\Program Files\AdoptOpenJDK\jdk-11.0.4+11\bin"/>
    <property name="maven.multiModuleProjectDirectory" value="C:\Users\ibby4\Desktop\lagcc-java-c9-IblasioS418\Summatives\JAVA OOP\Mastery Summative\SWGFlooring"/>
    <property name="java.vm.vendor" value="AdoptOpenJDK"/>
    <property name="java.vendor.url" value="https://adoptopenjdk.net/"/>
    <property name="guice.disable.misplaced.annotation.check" value="true"/>
    <property name="path.separator" value=";"/>
    <property name="java.vm.name" value="OpenJDK 64-Bit Server VM"/>
    <property name="sun.os.patch.level" value=""/>
    <property name="user.script" value=""/>
    <property name="user.country" value="US"/>
    <property name="sun.java.launcher" value="SUN_STANDARD"/>
    <property name="java.vm.specification.name" value="Java Virtual Machine Specification"/>
    <property name="user.dir" value="C:\Users\ibby4\Desktop\lagcc-java-c9-IblasioS418\Summatives\JAVA OOP\Mastery Summative\SWGFlooring"/>
    <property name="java.vm.compressedOopsMode" value="32-bit"/>
    <property name="java.runtime.version" value="11.0.4+11"/>
    <property name="java.awt.graphicsenv" value="sun.awt.Win32GraphicsEnvironment"/>
    <property name="os.arch" value="amd64"/>
    <property name="java.io.tmpdir" value="C:\Users\ibby4\AppData\Local\Temp\"/>
    <property name="line.separator" value="
"/>
    <property name="java.vm.specification.vendor" value="Oracle Corporation"/>
    <property name="user.variant" value=""/>
    <property name="os.name" value="Windows 10"/>
    <property name="maven.ext.class.path" value="C:\Users\ibby4\Downloads\incubating-netbeans-11.0-bin\netbeans\java\maven-nblib\netbeans-eventspy.jar"/>
    <property name="classworlds.conf" value="C:\Users\ibby4\Downloads\incubating-netbeans-11.0-bin\netbeans\java\maven\bin\m2.conf"/>
    <property name="sun.jnu.encoding" value="Cp1252"/>
    <property name="java.library.path" value="C:\Program Files\AdoptOpenJDK\jdk-11.0.4+11\bin;C:\WINDOWS\Sun\Java\bin;C:\WINDOWS\system32;C:\WINDOWS;C:\Program Files\AdoptOpenJDK\jdk-11.0.5.10-hotspot\bin;C:\WINDOWS\system32;C:\WINDOWS;C:\WINDOWS\System32\Wbem;C:\WINDOWS\System32\WindowsPowerShell\v1.0\;C:\WINDOWS\System32\OpenSSH\;C:\Program Files\Git\cmd;C:\Program Files\nodejs\;C:\Program Files (x86)\Yarn\bin\;C:\Program Files\MySQL\MySQL Shell 8.0\bin\;C:\Users\ibby4\AppData\Local\Microsoft\WindowsApps;C:\Users\ibby4\AppData\Local\hyper\app-3.0.2\resources\bin;C:\Users\ibby4\AppData\Local\atom\bin;C:\Users\ibby4\AppData\Local\Programs\Microsoft VS Code\bin;C:\Users\ibby4\AppData\Roaming\npm;C:\Users\ibby4\AppData\Local\Yarn\bin;;."/>
    <property name="jdk.debug" value="release"/>
    <property name="java.class.version" value="55.0"/>
    <property name="java.specification.name" value="Java Platform API Specification"/>
    <property name="sun.management.compiler" value="HotSpot 64-Bit Tiered Compilers"/>
    <property name="os.version" value="10.0"/>
    <property name="user.home" value="C:\Users\ibby4"/>
    <property name="user.timezone" value="America/New_York"/>
    <property name="java.awt.printerjob" value="sun.awt.windows.WPrinterJob"/>
    <property name="file.encoding" value="UTF-8"/>
    <property name="java.specification.version" value="11"/>
    <property name="user.name" value="ibby4"/>
    <property name="java.class.path" value="C:\Users\ibby4\Downloads\incubating-netbeans-11.0-bin\netbeans\java\maven\boot\plexus-classworlds-2.5.2.jar"/>
    <property name="java.vm.specification.version" value="11"/>
    <property name="sun.arch.data.model" value="64"/>
    <property name="sun.java.command" value="org.codehaus.plexus.classworlds.launcher.Launcher -Dmaven.ext.class.path=C:\Users\ibby4\Downloads\incubating-netbeans-11.0-bin\netbeans\java\maven-nblib\netbeans-eventspy.jar -Dfile.encoding=UTF-8 clean install"/>
    <property name="java.home" value="C:\Program Files\AdoptOpenJDK\jdk-11.0.4+11"/>
    <property name="user.language" value="en"/>
    <property name="java.specification.vendor" value="Oracle Corporation"/>
    <property name="awt.toolkit" value="sun.awt.windows.WToolkit"/>
    <property name="java.vm.info" value="mixed mode"/>
    <property name="java.version" value="11.0.4"/>
    <property name="java.vendor" value="AdoptOpenJDK"/>
    <property name="maven.home" value="C:\Users\ibby4\Downloads\incubating-netbeans-11.0-bin\netbeans\java\maven"/>
    <property name="file.separator" value="\"/>
    <property name="java.version.date" value="2019-07-16"/>
    <property name="java.vendor.url.bug" value="https://github.com/AdoptOpenJDK/openjdk-build/issues"/>
    <property name="sun.io.unicode.encoding" value="UnicodeLittle"/>
    <property name="sun.cpu.endian" value="little"/>
    <property name="java.vendor.version" value="AdoptOpenJDK"/>
    <property name="sun.desktop" value="windows"/>
    <property name="sun.cpu.isalist" value="amd64"/>
  </properties>
  <testcase classname="com.is.swgflooring.dao.OrderDaoFileImplTest" name="com.is.swgflooring.dao.OrderDaoFileImplTest.testCreate" time="0.082"/>
  <testcase classname="com.is.swgflooring.dao.OrderDaoFileImplTest" name="com.is.swgflooring.dao.OrderDaoFileImplTest.testReadByName" time="0.021">
    <failure message="expected: &lt;com.is.swgflooring.dto.Order@8bb2394b&gt; but was: &lt;com.is.swgflooring.dto.Order@f10f545c&gt;" type="org.opentest4j.AssertionFailedError">org.opentest4j.AssertionFailedError: expected: &lt;com.is.swgflooring.dto.Order@8bb2394b&gt; but was: &lt;com.is.swgflooring.dto.Order@f10f545c&gt;
	at org.junit.jupiter.api.AssertionUtils.fail(AssertionUtils.java:54)
	at org.junit.jupiter.api.AssertEquals.failNotEqual(AssertEquals.java:195)
	at org.junit.jupiter.api.AssertEquals.assertEquals(AssertEquals.java:184)
	at org.junit.jupiter.api.AssertEquals.assertEquals(AssertEquals.java:179)
	at org.junit.jupiter.api.Assertions.assertEquals(Assertions.java:508)
	at com.is.swgflooring.dao.OrderDaoFileImplTest.testReadByName(OrderDaoFileImplTest.java:135)
</failure>
    <system-out>ReadByName
File Created
</system-out>
  </testcase>
  <testcase classname="com.is.swgflooring.dao.OrderDaoFileImplTest" name="com.is.swgflooring.dao.OrderDaoFileImplTest.testUpdate" time="0"/>
  <testcase classname="com.is.swgflooring.dao.OrderDaoFileImplTest" name="com.is.swgflooring.dao.OrderDaoFileImplTest.testReadById" time="0">
    <failure message="expected: &lt;com.is.swgflooring.dto.Order@5c958731&gt; but was: &lt;com.is.swgflooring.dto.Order@c5cf622e&gt;" type="org.opentest4j.AssertionFailedError">org.opentest4j.AssertionFailedError: expected: &lt;com.is.swgflooring.dto.Order@5c958731&gt; but was: &lt;com.is.swgflooring.dto.Order@c5cf622e&gt;
	at org.junit.jupiter.api.AssertionUtils.fail(AssertionUtils.java:54)
	at org.junit.jupiter.api.AssertEquals.failNotEqual(AssertEquals.java:195)
	at org.junit.jupiter.api.AssertEquals.assertEquals(AssertEquals.java:184)
	at org.junit.jupiter.api.AssertEquals.assertEquals(AssertEquals.java:179)
	at org.junit.jupiter.api.Assertions.assertEquals(Assertions.java:508)
	at com.is.swgflooring.dao.OrderDaoFileImplTest.testReadById(OrderDaoFileImplTest.java:159)
</failure>
    <system-out>ReadById
File Created
</system-out>
  </testcase>
  <testcase classname="com.is.swgflooring.dao.OrderDaoFileImplTest" name="com.is.swgflooring.dao.OrderDaoFileImplTest.testReadAll" time="0.002">
    <failure message="expected: &lt;2&gt; but was: &lt;6&gt;" type="org.opentest4j.AssertionFailedError">org.opentest4j.AssertionFailedError: expected: &lt;2&gt; but was: &lt;6&gt;
	at org.junit.jupiter.api.AssertionUtils.fail(AssertionUtils.java:54)
	at org.junit.jupiter.api.AssertEquals.failNotEqual(AssertEquals.java:195)
	at org.junit.jupiter.api.AssertEquals.assertEquals(AssertEquals.java:152)
	at org.junit.jupiter.api.AssertEquals.assertEquals(AssertEquals.java:147)
	at org.junit.jupiter.api.Assertions.assertEquals(Assertions.java:327)
	at com.is.swgflooring.dao.OrderDaoFileImplTest.testReadAll(OrderDaoFileImplTest.java:113)
</failure>
    <system-out>ReadAll
A File already Exists
</system-out>
  </testcase>
  <testcase classname="com.is.swgflooring.dao.OrderDaoFileImplTest" name="com.is.swgflooring.dao.OrderDaoFileImplTest.testDelete" time="0.014">
    <failure message="expected: &lt;0&gt; but was: &lt;6&gt;" type="org.opentest4j.AssertionFailedError">org.opentest4j.AssertionFailedError: expected: &lt;0&gt; but was: &lt;6&gt;
	at org.junit.jupiter.api.AssertionUtils.fail(AssertionUtils.java:54)
	at org.junit.jupiter.api.AssertEquals.failNotEqual(AssertEquals.java:195)
	at org.junit.jupiter.api.AssertEquals.assertEquals(AssertEquals.java:184)
	at org.junit.jupiter.api.AssertEquals.assertEquals(AssertEquals.java:179)
	at org.junit.jupiter.api.Assertions.assertEquals(Assertions.java:508)
	at com.is.swgflooring.dao.OrderDaoFileImplTest.testDelete(OrderDaoFileImplTest.java:208)
</failure>
    <system-out>Delete
A File already Exists
</system-out>
  </testcase>
  <testcase classname="com.is.swgflooring.dao.OrderDaoFileImplTest" name="com.is.swgflooring.dao.OrderDaoFileImplTest.testSave" time="0.103">
    <failure message="expected: &lt;com.is.swgflooring.dto.Order@9932a2b0&gt; but was: &lt;com.is.swgflooring.dto.Order@8bb2394b&gt;" type="org.opentest4j.AssertionFailedError">org.opentest4j.AssertionFailedError: expected: &lt;com.is.swgflooring.dto.Order@9932a2b0&gt; but was: &lt;com.is.swgflooring.dto.Order@8bb2394b&gt;
	at org.junit.jupiter.api.AssertionUtils.fail(AssertionUtils.java:54)
	at org.junit.jupiter.api.AssertEquals.failNotEqual(AssertEquals.java:195)
	at org.junit.jupiter.api.AssertEquals.assertEquals(AssertEquals.java:184)
	at org.junit.jupiter.api.AssertEquals.assertEquals(AssertEquals.java:179)
	at org.junit.jupiter.api.Assertions.assertEquals(Assertions.java:508)
	at com.is.swgflooring.dao.OrderDaoFileImplTest.testSave(OrderDaoFileImplTest.java:228)
</failure>
    <system-out>Save
A File already Exists
</system-out>
  </testcase>
</testsuite>