<?xml version="1.0" encoding="UTF-8" ?>
<testsuite tests="6" failures="5" name="com.is.swgflooring.service.SwgServiceImplTest" time="0" errors="0" skipped="0">
  <properties>
[...]
</properties>
  <testcase classname="com.is.swgflooring.service.SwgServiceImplTest" name="com.is.swgflooring.service.SwgServiceImplTest.testAddOrder" time="0"/>
  <testcase classname="com.is.swgflooring.service.SwgServiceImplTest" name="com.is.swgflooring.service.SwgServiceImplTest.testGetallOrders" time="0">
    <failure type="java.lang.NullPointerException">java.lang.NullPointerException
	at com.is.swgflooring.service.SwgServiceImplTest.testGetallOrders(SwgServiceImplTest.java:73)
</failure>
    <system-out>getallOrders
</system-out>
  </testcase>
  <testcase classname="com.is.swgflooring.service.SwgServiceImplTest" name="com.is.swgflooring.service.SwgServiceImplTest.testValidate" time="0">
    <failure message="The test case is a prototype." type="org.opentest4j.AssertionFailedError">org.opentest4j.AssertionFailedError: The test case is a prototype.
	at org.junit.jupiter.api.AssertionUtils.fail(AssertionUtils.java:38)
	at org.junit.jupiter.api.Assertions.fail(Assertions.java:84)
	at com.is.swgflooring.service.SwgServiceImplTest.testValidate(SwgServiceImplTest.java:101)
</failure>
    <system-out>validate
</system-out>
  </testcase>
  <testcase classname="com.is.swgflooring.service.SwgServiceImplTest" name="com.is.swgflooring.service.SwgServiceImplTest.testCalculate" time="0">
    <failure type="java.lang.NullPointerException">java.lang.NullPointerException
	at com.is.swgflooring.service.SwgServiceImplTest.testCalculate(SwgServiceImplTest.java:87)
</failure>
    <system-out>calculate
</system-out>
  </testcase>
  <testcase classname="com.is.swgflooring.service.SwgServiceImplTest" name="com.is.swgflooring.service.SwgServiceImplTest.testViewOrder" time="0">
    <failure type="java.lang.NullPointerException">java.lang.NullPointerException
	at com.is.swgflooring.service.SwgServiceImplTest.testViewOrder(SwgServiceImplTest.java:114)
</failure>
    <system-out>viewOrder
</system-out>
  </testcase>
  <testcase classname="com.is.swgflooring.service.SwgServiceImplTest" name="com.is.swgflooring.service.SwgServiceImplTest.testRemoveOrder" time="0">
    <failure type="java.lang.NullPointerException">java.lang.NullPointerException
	at com.is.swgflooring.service.SwgServiceImplTest.testRemoveOrder(SwgServiceImplTest.java:129)
</failure>
    <system-out>removeOrder
</system-out>
  </testcase>
</testsuite>