<?xml version="1.0" encoding="UTF-8" ?>
<testsuite tests="7" failures="5" name="com.is.swgflooring.dao.OrderDaoFileImplTest" time="0.222" errors="0" skipped="0">
  <properties>
[...]
</properties>
  <testcase classname="com.is.swgflooring.dao.OrderDaoFileImplTest" name="com.is.swgflooring.dao.OrderDaoFileImplTest.testCreate" time="0.082"/>
  <testcase classname="com.is.swgflooring.dao.OrderDaoFileImplTest" name="com.is.swgflooring.dao.OrderDaoFileImplTest.testReadByName" time="0.021">
    <failure message="expected: &lt;com.is.swgflooring.dto.Order@8bb2394b&gt; but was: &lt;com.is.swgflooring.dto.Order@f10f545c&gt;" type="org.opentest4j.AssertionFailedError">org.opentest4j.AssertionFailedError: expected: &lt;com.is.swgflooring.dto.Order@8bb2394b&gt; but was: &lt;com.is.swgflooring.dto.Order@f10f545c&gt;
	at org.junit.jupiter.api.AssertionUtils.fail(AssertionUtils.java:54)
	at org.junit.jupiter.api.AssertEquals.failNotEqual(AssertEquals.java:195)
	at org.junit.jupiter.api.AssertEquals.assertEquals(AssertEquals.java:184)
	at org.junit.jupiter.api.AssertEquals.assertEquals(AssertEquals.java:179)
	at org.junit.jupiter.api.Assertions.assertEquals(Assertions.java:508)
	at com.is.swgflooring.dao.OrderDaoFileImplTest.testReadByName(OrderDaoFileImplTest.java:135)
</failure>
    <system-out>ReadByName
File Created
</system-out>
  </testcase>
  <testcase classname="com.is.swgflooring.dao.OrderDaoFileImplTest" name="com.is.swgflooring.dao.OrderDaoFileImplTest.testUpdate" time="0"/>
  <testcase classname="com.is.swgflooring.dao.OrderDaoFileImplTest" name="com.is.swgflooring.dao.OrderDaoFileImplTest.testReadById" time="0">
    <failure message="expected: &lt;com.is.swgflooring.dto.Order@5c958731&gt; but was: &lt;com.is.swgflooring.dto.Order@c5cf622e&gt;" type="org.opentest4j.AssertionFailedError">org.opentest4j.AssertionFailedError: expected: &lt;com.is.swgflooring.dto.Order@5c958731&gt; but was: &lt;com.is.swgflooring.dto.Order@c5cf622e&gt;
	at org.junit.jupiter.api.AssertionUtils.fail(AssertionUtils.java:54)
	at org.junit.jupiter.api.AssertEquals.failNotEqual(AssertEquals.java:195)
	at org.junit.jupiter.api.AssertEquals.assertEquals(AssertEquals.java:184)
	at org.junit.jupiter.api.AssertEquals.assertEquals(AssertEquals.java:179)
	at org.junit.jupiter.api.Assertions.assertEquals(Assertions.java:508)
	at com.is.swgflooring.dao.OrderDaoFileImplTest.testReadById(OrderDaoFileImplTest.java:159)
</failure>
    <system-out>ReadById
File Created
</system-out>
  </testcase>
  <testcase classname="com.is.swgflooring.dao.OrderDaoFileImplTest" name="com.is.swgflooring.dao.OrderDaoFileImplTest.testReadAll" time="0.002">
    <failure message="expected: &lt;2&gt; but was: &lt;6&gt;" type="org.opentest4j.AssertionFailedError">org.opentest4j.AssertionFailedError: expected: &lt;2&gt; but was: &lt;6&gt;
	at org.junit.jupiter.api.AssertionUtils.fail(AssertionUtils.java:54)
	at org.junit.jupiter.api.AssertEquals.failNotEqual(AssertEquals.java:195)
	at org.junit.jupiter.api.AssertEquals.assertEquals(AssertEquals.java:152)
	at org.junit.jupiter.api.AssertEquals.assertEquals(AssertEquals.java:147)
	at org.junit.jupiter.api.Assertions.assertEquals(Assertions.java:327)
	at com.is.swgflooring.dao.OrderDaoFileImplTest.testReadAll(OrderDaoFileImplTest.java:113)
</failure>
    <system-out>ReadAll
A File already Exists
</system-out>
  </testcase>
  <testcase classname="com.is.swgflooring.dao.OrderDaoFileImplTest" name="com.is.swgflooring.dao.OrderDaoFileImplTest.testDelete" time="0.014">
    <failure message="expected: &lt;0&gt; but was: &lt;6&gt;" type="org.opentest4j.AssertionFailedError">org.opentest4j.AssertionFailedError: expected: &lt;0&gt; but was: &lt;6&gt;
	at org.junit.jupiter.api.AssertionUtils.fail(AssertionUtils.java:54)
	at org.junit.jupiter.api.AssertEquals.failNotEqual(AssertEquals.java:195)
	at org.junit.jupiter.api.AssertEquals.assertEquals(AssertEquals.java:184)
	at org.junit.jupiter.api.AssertEquals.assertEquals(AssertEquals.java:179)
	at org.junit.jupiter.api.Assertions.assertEquals(Assertions.java:508)
	at com.is.swgflooring.dao.OrderDaoFileImplTest.testDelete(OrderDaoFileImplTest.java:208)
</failure>
    <system-out>Delete
A File already Exists
</system-out>
  </testcase>
  <testcase classname="com.is.swgflooring.dao.OrderDaoFileImplTest" name="com.is.swgflooring.dao.OrderDaoFileImplTest.testSave" time="0.103">
    <failure message="expected: &lt;com.is.swgflooring.dto.Order@9932a2b0&gt; but was: &lt;com.is.swgflooring.dto.Order@8bb2394b&gt;" type="org.opentest4j.AssertionFailedError">org.opentest4j.AssertionFailedError: expected: &lt;com.is.swgflooring.dto.Order@9932a2b0&gt; but was: &lt;com.is.swgflooring.dto.Order@8bb2394b&gt;
	at org.junit.jupiter.api.AssertionUtils.fail(AssertionUtils.java:54)
	at org.junit.jupiter.api.AssertEquals.failNotEqual(AssertEquals.java:195)
	at org.junit.jupiter.api.AssertEquals.assertEquals(AssertEquals.java:184)
	at org.junit.jupiter.api.AssertEquals.assertEquals(AssertEquals.java:179)
	at org.junit.jupiter.api.Assertions.assertEquals(Assertions.java:508)
	at com.is.swgflooring.dao.OrderDaoFileImplTest.testSave(OrderDaoFileImplTest.java:228)
</failure>
    <system-out>Save
A File already Exists
</system-out>
  </testcase>
</testsuite>